# JRE version: Java(TM) SE Runtime Environment (8.0_131-b11) (build 1.8.0_131-b11)
# Java VM: Java HotSpot(TM) 64-Bit Server VM (25.131-b11 mixed mode linux-amd64 compressed oops)
Heap:
 PSYoungGen      total 1635328K, used 1539072K [0x0000000755580000, 0x00000007bf880000, 0x00000007c0000000)
  eden space 1539072K, 100% used [0x0000000755580000,0x00000007b3480000,0x00000007b3480000)
  from space 96256K, 0% used [0x00000007b3480000,0x00000007b3480000,0x00000007b9280000)
  to   space 92160K, 99% used [0x00000007b9e80000,0x00000007bf878080,0x00000007bf880000)
 ParOldGen       total 490496K, used 490494K [0x0000000680000000, 0x000000069df00000, 0x0000000755580000)
  object space 490496K, 99% used [0x0000000680000000,0x000000069deffb50,0x000000069df00000)
 Metaspace       used 125917K, capacity 128436K, committed 130344K, reserved 1161216K
  class space    used 17357K, capacity 18132K, committed 18480K, reserved 1048576K
GC Heap History (10 events):
Event: 208.577 GC heap after
Heap after GC invocations=34 (full 6):
 PSYoungGen      total 1634816K, used 52056K [0x0000000755580000, 0x00000007c0000000, 0x00000007c0000000)
  eden space 1539072K, 0% used [0x0000000755580000,0x0000000755580000,0x00000007b3480000)
  from space 95744K, 54% used [0x00000007b9280000,0x00000007bc5560b8,0x00000007bf000000)
  to   space 96256K, 0% used [0x00000007b3480000,0x00000007b3480000,0x00000007b9280000)
 ParOldGen       total 269312K, used 158910K [0x0000000680000000, 0x0000000690700000, 0x0000000755580000)
  object space 269312K, 59% used [0x0000000680000000,0x0000000689b2fa60,0x0000000690700000)
 Metaspace       used 126141K, capacity 128962K, committed 129192K, reserved 1161216K
  class space    used 17424K, capacity 18289K, committed 18352K, reserved 1048576K
}
Event: 210.496 GC heap before
{Heap before GC invocations=35 (full 6):
 PSYoungGen      total 1634816K, used 1591128K [0x0000000755580000, 0x00000007c0000000, 0x00000007c0000000)
  eden space 1539072K, 100% used [0x0000000755580000,0x00000007b3480000,0x00000007b3480000)
  from space 95744K, 54% used [0x00000007b9280000,0x00000007bc5560b8,0x00000007bf000000)
  to   space 96256K, 0% used [0x00000007b3480000,0x00000007b3480000,0x00000007b9280000)
 ParOldGen       total 269312K, used 158910K [0x0000000680000000, 0x0000000690700000, 0x0000000755580000)
  object space 269312K, 59% used [0x0000000680000000,0x0000000689b2fa60,0x0000000690700000)
 Metaspace       used 126426K, capacity 129450K, committed 129704K, reserved 1161216K
  class space    used 17457K, capacity 18349K, committed 18352K, reserved 1048576K
Event: 210.522 GC heap after
Heap after GC invocations=35 (full 6):
 PSYoungGen      total 1635328K, used 41679K [0x0000000755580000, 0x00000007bf880000, 0x00000007c0000000)
  eden space 1539072K, 0% used [0x0000000755580000,0x0000000755580000,0x00000007b3480000)
  from space 96256K, 43% used [0x00000007b3480000,0x00000007b5d33ec0,0x00000007b9280000)
  to   space 92160K, 0% used [0x00000007b9e80000,0x00000007b9e80000,0x00000007bf880000)
 ParOldGen       total 269312K, used 159150K [0x0000000680000000, 0x0000000690700000, 0x0000000755580000)
  object space 269312K, 59% used [0x0000000680000000,0x0000000689b6ba60,0x0000000690700000)
 Metaspace       used 126426K, capacity 129450K, committed 129704K, reserved 1161216K
  class space    used 17457K, capacity 18349K, committed 18352K, reserved 1048576K
}
Event: 237.088 GC heap before
{Heap before GC invocations=36 (full 6):
 PSYoungGen      total 1635328K, used 1580751K [0x0000000755580000, 0x00000007bf880000, 0x00000007c0000000)
  eden space 1539072K, 100% used [0x0000000755580000,0x00000007b3480000,0x00000007b3480000)
  from space 96256K, 43% used [0x00000007b3480000,0x00000007b5d33ec0,0x00000007b9280000)
  to   space 92160K, 0% used [0x00000007b9e80000,0x00000007b9e80000,0x00000007bf880000)
 ParOldGen       total 269312K, used 159150K [0x0000000680000000, 0x0000000690700000, 0x0000000755580000)
  object space 269312K, 59% used [0x0000000680000000,0x0000000689b6ba60,0x0000000690700000)
 Metaspace       used 127113K, capacity 130166K, committed 130344K, reserved 1161216K
  class space    used 17523K, capacity 18431K, committed 18480K, reserved 1048576K
Event: 238.707 GC heap after
Heap after GC invocations=36 (full 6):
 PSYoungGen      total 1635328K, used 1580751K [0x0000000755580000, 0x00000007bf880000, 0x00000007c0000000)
  eden space 1539072K, 100% used [0x0000000755580000,0x00000007b3480000,0x00000007b3480000)
  from space 96256K, 43% used [0x00000007b3480000,0x00000007b5d33ec0,0x00000007b9280000)
  to   space 92160K, 99% used [0x00000007b9e80000,0x00000007bf878080,0x00000007bf880000)
 ParOldGen       total 347648K, used 347576K [0x0000000680000000, 0x0000000695380000, 0x0000000755580000)
  object space 347648K, 99% used [0x0000000680000000,0x000000069536e330,0x0000000695380000)
 Metaspace       used 127113K, capacity 130166K, committed 130344K, reserved 1161216K
  class space    used 17523K, capacity 18431K, committed 18480K, reserved 1048576K
}
Event: 238.707 GC heap before
{Heap before GC invocations=37 (full 7):
 PSYoungGen      total 1635328K, used 1580751K [0x0000000755580000, 0x00000007bf880000, 0x00000007c0000000)
  eden space 1539072K, 100% used [0x0000000755580000,0x00000007b3480000,0x00000007b3480000)
  from space 96256K, 43% used [0x00000007b3480000,0x00000007b5d33ec0,0x00000007b9280000)
  to   space 92160K, 99% used [0x00000007b9e80000,0x00000007bf878080,0x00000007bf880000)
 ParOldGen       total 347648K, used 347576K [0x0000000680000000, 0x0000000695380000, 0x0000000755580000)
  object space 347648K, 99% used [0x0000000680000000,0x000000069536e330,0x0000000695380000)
 Metaspace       used 127113K, capacity 130166K, committed 130344K, reserved 1161216K
  class space    used 17523K, capacity 18431K, committed 18480K, reserved 1048576K
Event: 239.580 GC heap after
Heap after GC invocations=37 (full 7):
 PSYoungGen      total 1635328K, used 0K [0x0000000755580000, 0x00000007bf880000, 0x00000007c0000000)
  eden space 1539072K, 0% used [0x0000000755580000,0x0000000755580000,0x00000007b3480000)
  from space 96256K, 0% used [0x00000007b3480000,0x00000007b3480000,0x00000007b9280000)
  to   space 92160K, 9% used [0x00000007b9e80000,0x00000007ba775ad0,0x00000007bf880000)
 ParOldGen       total 454656K, used 347462K [0x0000000680000000, 0x000000069bc00000, 0x0000000755580000)
  object space 454656K, 76% used [0x0000000680000000,0x0000000695351a48,0x000000069bc00000)
 Metaspace       used 125633K, capacity 128042K, committed 130344K, reserved 1161216K
  class space    used 17326K, capacity 18077K, committed 18480K, reserved 1048576K
}
Event: 255.419 GC heap before
{Heap before GC invocations=38 (full 8):
 PSYoungGen      total 1635328K, used 1539072K [0x0000000755580000, 0x00000007bf880000, 0x00000007c0000000)
  eden space 1539072K, 100% used [0x0000000755580000,0x00000007b3480000,0x00000007b3480000)
  from space 96256K, 0% used [0x00000007b3480000,0x00000007b3480000,0x00000007b9280000)
  to   space 92160K, 9% used [0x00000007b9e80000,0x00000007ba775ad0,0x00000007bf880000)
 ParOldGen       total 454656K, used 347462K [0x0000000680000000, 0x000000069bc00000, 0x0000000755580000)
  object space 454656K, 76% used [0x0000000680000000,0x0000000695351a48,0x000000069bc00000)
 Metaspace       used 125881K, capacity 128330K, committed 130344K, reserved 1161216K
  class space    used 17353K, capacity 18125K, committed 18480K, reserved 1048576K
Event: 256.103 GC heap after
Heap after GC invocations=38 (full 8):
 PSYoungGen      total 1635328K, used 0K [0x0000000755580000, 0x00000007bf880000, 0x00000007c0000000)
  eden space 1539072K, 0% used [0x0000000755580000,0x0000000755580000,0x00000007b3480000)
  from space 96256K, 0% used [0x00000007b3480000,0x00000007b3480000,0x00000007b9280000)
  to   space 92160K, 0% used [0x00000007b9e80000,0x00000007b9e80000,0x00000007bf880000)
 ParOldGen       total 472576K, used 359676K [0x0000000680000000, 0x000000069cd80000, 0x0000000755580000)
  object space 472576K, 76% used [0x0000000680000000,0x0000000695f3f000,0x000000069cd80000)
 Metaspace       used 125680K, capacity 128042K, committed 130344K, reserved 1161216K
  class space    used 17326K, capacity 18077K, committed 18480K, reserved 1048576K
}
Event: 269.638 GC heap before
{Heap before GC invocations=39 (full 8):
 PSYoungGen      total 1635328K, used 1539072K [0x0000000755580000, 0x00000007bf880000, 0x00000007c0000000)
  eden space 1539072K, 100% used [0x0000000755580000,0x00000007b3480000,0x00000007b3480000)
  from space 96256K, 0% used [0x00000007b3480000,0x00000007b3480000,0x00000007b9280000)
  to   space 92160K, 0% used [0x00000007b9e80000,0x00000007b9e80000,0x00000007bf880000)
 ParOldGen       total 472576K, used 359676K [0x0000000680000000, 0x000000069cd80000, 0x0000000755580000)
  object space 472576K, 76% used [0x0000000680000000,0x0000000695f3f000,0x000000069cd80000)
 Metaspace       used 125917K, capacity 128436K, committed 130344K, reserved 1161216K
  class space    used 17357K, capacity 18132K, committed 18480K, reserved 1048576K

